<?xml version="1.0" encoding="UTF-8"?>
<!-- Generated by org.testng.reporters.JUnitReportReporter -->
<testsuite hostname="YuKi" failures="0" tests="2" name="org.testcase.TC123456_SingupUserValidation" time="21.198" errors="0" timestamp="26 Apr 2025 10:27:53 GMT">
  <testcase classname="org.testcase.TC123456_SingupUserValidation" name="Test1232" time="10.181"/>
  <testcase classname="org.testcase.TC123456_SingupUserValidation" name="Test123" time="11.017"/>
</testsuite> <!-- org.testcase.TC123456_SingupUserValidation -->
